<?xml version="1.0" encoding="UTF-8"?>
<!-- Generated by org.testng.reporters.JUnitXMLReporter -->
<testsuite hostname="LAPTOP-79H0M76G" name="BankingAppTest(failed)" tests="4" failures="3" timestamp="6 Aug 2020 20:03:14 GMT" time="31.319" errors="0">
  <testcase name="LoginDDT" time="4.446" classname="com.netBanking.Testcase.TC_LoginDDTest_002">
    <failure type="java.lang.AssertionError" message="expected [true] but found [false]">
      <![CDATA[java.lang.AssertionError: expected [true] but found [false]
	at com.netBanking.Testcase.TC_LoginDDTest_002.LoginDDT(TC_LoginDDTest_002.java:27)
... Removed 28 stack frames]]>
    </failure>
  </testcase> <!-- LoginDDT -->
  <testcase name="LoginDDT" time="4.425" classname="com.netBanking.Testcase.TC_LoginDDTest_002">
    <failure type="java.lang.AssertionError" message="expected [true] but found [false]">
      <![CDATA[java.lang.AssertionError: expected [true] but found [false]
	at com.netBanking.Testcase.TC_LoginDDTest_002.LoginDDT(TC_LoginDDTest_002.java:27)
... Removed 28 stack frames]]>
    </failure>
  </testcase> <!-- LoginDDT -->
  <testcase name="LoginDDT" time="4.045" classname="com.netBanking.Testcase.TC_LoginDDTest_002">
    <failure type="java.lang.AssertionError" message="expected [true] but found [false]">
      <![CDATA[java.lang.AssertionError: expected [true] but found [false]
	at com.netBanking.Testcase.TC_LoginDDTest_002.LoginDDT(TC_LoginDDTest_002.java:27)
... Removed 28 stack frames]]>
    </failure>
  </testcase> <!-- LoginDDT -->
  <testcase name="loginTest" time="1.264" classname="com.netBanking.Testcase.TC_LoginTest_001"/>
</testsuite> <!-- BankingAppTest(failed) -->
