<?xml version="1.0" encoding="UTF-8"?>
<!-- Generated by org.testng.reporters.JUnitXMLReporter -->
<testsuite hostname="LAPTOP-79H0M76G" name="BankingAppTest" tests="7" failures="4" timestamp="6 Aug 2020 19:25:17 GMT" time="69.489" errors="0">
  <testcase name="loginTest" time="2.541" classname="com.netBanking.Testcase.TC_LoginTest_001">
    <failure type="java.lang.AssertionError" message="expected [true] but found [false]">
      <![CDATA[java.lang.AssertionError: expected [true] but found [false]
	at com.netBanking.Testcase.TC_LoginTest_001.loginTest(TC_LoginTest_001.java:31)
... Removed 28 stack frames]]>
    </failure>
  </testcase> <!-- loginTest -->
  <testcase name="LoginDDT" time="8.587" classname="com.netBanking.Testcase.TC_LoginDDTest_002"/>
  <testcase name="LoginDDT" time="4.114" classname="com.netBanking.Testcase.TC_LoginDDTest_002">
    <failure type="java.lang.AssertionError" message="expected [true] but found [false]">
      <![CDATA[java.lang.AssertionError: expected [true] but found [false]
	at com.netBanking.Testcase.TC_LoginDDTest_002.LoginDDT(TC_LoginDDTest_002.java:27)
... Removed 28 stack frames]]>
    </failure>
  </testcase> <!-- LoginDDT -->
  <testcase name="LoginDDT" time="4.343" classname="com.netBanking.Testcase.TC_LoginDDTest_002">
    <failure type="java.lang.AssertionError" message="expected [true] but found [false]">
      <![CDATA[java.lang.AssertionError: expected [true] but found [false]
	at com.netBanking.Testcase.TC_LoginDDTest_002.LoginDDT(TC_LoginDDTest_002.java:27)
... Removed 28 stack frames]]>
    </failure>
  </testcase> <!-- LoginDDT -->
  <testcase name="LoginDDT" time="4.21" classname="com.netBanking.Testcase.TC_LoginDDTest_002">
    <failure type="java.lang.AssertionError" message="expected [true] but found [false]">
      <![CDATA[java.lang.AssertionError: expected [true] but found [false]
	at com.netBanking.Testcase.TC_LoginDDTest_002.LoginDDT(TC_LoginDDTest_002.java:27)
... Removed 28 stack frames]]>
    </failure>
  </testcase> <!-- LoginDDT -->
  <testcase name="LoginDDT" time="7.921" classname="com.netBanking.Testcase.TC_LoginDDTest_002"/>
  <testcase name="addcustomername" time="10.294" classname="com.netBanking.Testcase.TC_AddCustomerName_003"/>
</testsuite> <!-- BankingAppTest -->
