<!DOCTYPE html PUBLIC "-//W3C//DTD XHTML 1.1//EN" "http://www.w3.org/TR/xhtml11/DTD/xhtml11.dtd">
<html xmlns="http://www.w3.org/1999/xhtml"><head><title>TestNG Report</title><style type="text/css">table {margin-bottom:10px;border-collapse:collapse;empty-cells:show}th,td {border:1px solid #009;padding:.25em .5em}th {vertical-align:bottom}td {vertical-align:top}table a {font-weight:bold}.stripe td {background-color: #E6EBF9}.num {text-align:right}.passedodd td {background-color: #3F3}.passedeven td {background-color: #0A0}.skippedodd td {background-color: #DDD}.skippedeven td {background-color: #CCC}.failedodd td,.attn {background-color: #F33}.failedeven td,.stripe .attn {background-color: #D00}.stacktrace {white-space:pre;font-family:monospace}.totop {font-size:85%;text-align:center;border-bottom:2px solid #000}</style></head><body><table><tr><th>Test</th><th># Passed</th><th># Skipped</th><th># Failed</th><th>Time (ms)</th><th>Included Groups</th><th>Excluded Groups</th></tr><tr><th colspan="7">Failed suite [netBankingV1]</th></tr><tr><td><a href="#t0">BankingAppTest</a></td><td class="num">1</td><td class="num">0</td><td class="num">0</td><td class="num">10,927</td><td></td><td></td></tr><tr class="stripe"><td><a href="#t1">BankingAppTest(failed)</a></td><td class="num">1</td><td class="num">0</td><td class="num attn">3</td><td class="num">31,319</td><td></td><td></td></tr><tr><th>Total</th><th class="num">2</th><th class="num">0</th><th class="num attn">3</th><th class="num">42,246</th><th colspan="2"></th></tr></table><table><thead><tr><th>Class</th><th>Method</th><th>Start</th><th>Time (ms)</th></tr></thead><tbody><tr><th colspan="4">Failed suite [netBankingV1]</th></tr></tbody><tbody id="t0"><tr><th colspan="4">BankingAppTest &#8212; passed</th></tr><tr class="passedeven"><td rowspan="1">com.netBanking.Testcase.TC_LoginTest_001</td><td><a href="#m0">loginTest</a></td><td rowspan="1">1596744160019</td><td rowspan="1">1309</td></tr></tbody><tbody id="t1"><tr><th colspan="4">BankingAppTest(failed) &#8212; failed</th></tr><tr class="failedeven"><td rowspan="3">com.netBanking.Testcase.TC_LoginDDTest_002</td><td><a href="#m1">LoginDDT</a></td><td rowspan="3">1596744171434</td><td rowspan="3">4446</td></tr><tr class="failedeven"><td><a href="#m2">LoginDDT</a></td></tr><tr class="failedeven"><td><a href="#m3">LoginDDT</a></td></tr><tr><th colspan="4">BankingAppTest(failed) &#8212; passed</th></tr><tr class="passedeven"><td rowspan="1">com.netBanking.Testcase.TC_LoginTest_001</td><td><a href="#m4">loginTest</a></td><td rowspan="1">1596744192589</td><td rowspan="1">1264</td></tr></tbody></table><h2>BankingAppTest</h2><h3 id="m0">com.netBanking.Testcase.TC_LoginTest_001#loginTest</h3><table class="result"></table><p class="totop"><a href="#summary">back to summary</a></p><h2>BankingAppTest(failed)</h2><h3 id="m1">com.netBanking.Testcase.TC_LoginDDTest_002#LoginDDT</h3><table class="result"><tr class="param"><th>Parameter #1</th><th>Parameter #2</th></tr><tr class="param stripe"><td>mngr276598</td><td>jahetAp</td></tr><tr><th colspan="2">Exception</th></tr><tr><td colspan="2"><div class="stacktrace">java.lang.AssertionError: expected [true] but found [false]
	at com.netBanking.Testcase.TC_LoginDDTest_002.LoginDDT(TC_LoginDDTest_002.java:27)
... Removed 28 stack frames</div></td></tr></table><p class="totop"><a href="#summary">back to summary</a></p><h3 id="m2">com.netBanking.Testcase.TC_LoginDDTest_002#LoginDDT</h3><table class="result"><tr class="param"><th>Parameter #1</th><th>Parameter #2</th></tr><tr class="param stripe"><td>mngr123456</td><td>ertyhoi</td></tr><tr><th colspan="2">Exception</th></tr><tr><td colspan="2"><div class="stacktrace">java.lang.AssertionError: expected [true] but found [false]
	at com.netBanking.Testcase.TC_LoginDDTest_002.LoginDDT(TC_LoginDDTest_002.java:27)
... Removed 28 stack frames</div></td></tr></table><p class="totop"><a href="#summary">back to summary</a></p><h3 id="m3">com.netBanking.Testcase.TC_LoginDDTest_002#LoginDDT</h3><table class="result"><tr class="param"><th>Parameter #1</th><th>Parameter #2</th></tr><tr class="param stripe"><td>mngr098765</td><td>gurmani</td></tr><tr><th colspan="2">Exception</th></tr><tr><td colspan="2"><div class="stacktrace">java.lang.AssertionError: expected [true] but found [false]
	at com.netBanking.Testcase.TC_LoginDDTest_002.LoginDDT(TC_LoginDDTest_002.java:27)
... Removed 28 stack frames</div></td></tr></table><p class="totop"><a href="#summary">back to summary</a></p><h3 id="m4">com.netBanking.Testcase.TC_LoginTest_001#loginTest</h3><table class="result"></table><p class="totop"><a href="#summary">back to summary</a></p></body></html>